  ZombieBase.cpp
  Wugargar.cpp
  SpriteExample.cpp
  SoundExample.cpp
  PoorZombie.cpp
  NNResourceManager.cpp
  NNTexture.cpp
  NNSceneDirector.cpp
  NNSprite.cpp
  NNSound.cpp
  NNSize.cpp
  NNScene.cpp
  NNPoint.cpp
  NNObject.cpp
  NNLabel.cpp
  NNInputSystem.cpp
  NNApplication.cpp
  NND2DRenderer.cpp
  NNAudioSystem.cpp
  Main.cpp
  Generating Code...
  Compiling...
  LabelExample.cpp
  InputExamle.cpp
  CustomObjectExample.cpp
  CustomObject.cpp
  Background.cpp
  Generating Code...
  D2D.vcxproj -> E:\hdgame\trunk\Direct2D_Sample\Debug\D2D.exe
